  Building Custom Rule C:/Users/sonor/OneDrive/Desktop/Projects/Ebony/Graphics/CMakeLists.txt
  cmake_pch.cxx
  vk_engine.cpp
C:\Users\sonor\OneDrive\Desktop\Projects\Ebony\Graphics\src\vk_engine.cpp(198,60): warning C4267: 'argument': conversion from 'size_t' to 'int', possible loss of data
C:\Users\sonor\OneDrive\Desktop\Projects\Ebony\Graphics\src\vk_engine.cpp(839,104): warning C4267: '=': conversion from 'size_t' to 'uint32_t', possible loss of data
C:\Users\sonor\OneDrive\Desktop\Projects\Ebony\Graphics\src\vk_engine.cpp(842,100): warning C4267: '=': conversion from 'size_t' to 'uint32_t', possible loss of data
C:\Users\sonor\OneDrive\Desktop\Projects\Ebony\Graphics\src\vk_engine.cpp(1193,88): warning C4267: 'initializing': conversion from 'size_t' to 'uint32_t', possible loss of data
C:\Users\sonor\OneDrive\Desktop\Projects\Ebony\Graphics\src\vk_engine.cpp(1226,56): warning C4267: 'argument': conversion from 'size_t' to 'uint32_t', possible loss of data
C:\Users\sonor\OneDrive\Desktop\Projects\Ebony\Graphics\src\vk_engine.cpp(1343,49): warning C4267: '=': conversion from 'size_t' to 'uint32_t', possible loss of data
  vk_initializers.cpp
  vk_mesh.cpp
  vk_textures.cpp
  imgui.cpp
  imgui_draw.cpp
  imgui_tables.cpp
  imgui_widgets.cpp
  imgui_impl_glfw.cpp
  imgui_impl_vulkan.cpp
  imgui_demo.cpp
  main.cpp
  Generating Code...
  EbonyGraphicsEngine.vcxproj -> C:\Users\sonor\OneDrive\Desktop\Projects\Ebony\build\Release\EbonyGraphicsEngine.exe
